

Microchip MPLAB XC8 Assembler V2.10 build 88905656 
                                                                                                           Mon Dec 15 15:21:50 2025


     1                           	processor	18F67K40
     2                           	opt	pw 132
     3                           	psect	config,global,class=CONFIG,delta=1,noexec
     4                           	psect	idloc,global,class=IDLOC,delta=1,noexec
     5                           	psect	const,global,reloc=2,class=CONST,delta=1,noexec
     6                           	psect	smallconst,global,reloc=2,class=SMALLCONST,delta=1,noexec
     7                           	psect	mediumconst,global,reloc=2,class=MEDIUMCONST,delta=1,noexec
     8                           	psect	rbss,global,class=COMRAM,space=1,delta=1,noexec
     9                           	psect	bss,global,class=RAM,space=1,delta=1,noexec
    10                           	psect	rdata,global,class=COMRAM,space=1,delta=1,noexec
    11                           	psect	irdata,global,reloc=2,class=CODE,delta=1,noexec
    12                           	psect	data,global,class=RAM,space=1,delta=1,noexec
    13                           	psect	idata,global,reloc=2,class=CODE,delta=1,noexec
    14                           	psect	nvrram,global,class=COMRAM,space=1,delta=1,noexec
    15                           	psect	nvbit,global,bit,class=COMRAM,space=1,delta=1,noexec
    16                           	psect	temp,global,ovrld,class=COMRAM,space=1,delta=1,noexec
    17                           	psect	struct,global,ovrld,class=COMRAM,space=1,delta=1,noexec
    18                           	psect	rbit,global,bit,class=COMRAM,space=1,delta=1,noexec
    19                           	psect	bigbss,global,class=BIGRAM,space=1,delta=1,noexec
    20                           	psect	bigdata,global,class=BIGRAM,space=1,delta=1,noexec
    21                           	psect	ibigdata,global,reloc=2,class=CODE,delta=1,noexec
    22                           	psect	farbss,global,reloc=2,class=FARRAM,delta=1,noexec
    23                           	psect	nvFARRAM,global,reloc=2,class=FARRAM,delta=1,noexec
    24                           	psect	fardata,global,reloc=2,class=FARRAM,delta=1,noexec
    25                           	psect	ifardata,global,reloc=2,class=CODE,delta=1,noexec
    26                           	psect	reset_vec,global,reloc=2,class=CODE,delta=1
    27                           	psect	powerup,global,reloc=2,class=CODE,delta=1
    28                           	psect	init,global,reloc=2,class=CODE,delta=1
    29                           	psect	text,global,reloc=2,class=CODE,delta=1
    30                           	psect	clrtext,global,reloc=2,class=CODE,delta=1
    31                           	psect	intcode,global,reloc=2,class=CODE,delta=1
    32                           	psect	intcode_body,global,reloc=2,class=CODE,delta=1
    33                           	psect	intcodelo,global,reloc=2,class=CODE,delta=1
    34                           	psect	intret,global,reloc=2,class=CODE,delta=1
    35                           	psect	intentry,global,reloc=2,class=CODE,delta=1
    36                           	psect	intsave_regs,global,class=BIGRAM,space=1,delta=1
    37                           	psect	eeprom_data,global,class=EEDATA,delta=1,noexec
    38                           	psect	ramtop,global,class=RAM,delta=1,noexec
    39                           	psect	stack,global,class=STACK,space=2,delta=1,noexec
    40                           	psect	comram,global,class=COMRAM,space=1,delta=1
    41                           	psect	abs1,global,class=ABS1,space=1,delta=1
    42                           	psect	bigram,global,class=BIGRAM,space=1,delta=1
    43                           	psect	ram,global,class=RAM,space=1,delta=1
    44                           	psect	bank0,global,class=BANK0,space=1,delta=1
    45                           	psect	bank1,global,class=BANK1,space=1,delta=1
    46                           	psect	bank2,global,class=BANK2,space=1,delta=1
    47                           	psect	bank3,global,class=BANK3,space=1,delta=1
    48                           	psect	bank4,global,class=BANK4,space=1,delta=1
    49                           	psect	bank5,global,class=BANK5,space=1,delta=1
    50                           	psect	bank6,global,class=BANK6,space=1,delta=1
    51                           	psect	bank7,global,class=BANK7,space=1,delta=1
    52                           	psect	bank8,global,class=BANK8,space=1,delta=1
    53                           	psect	bank9,global,class=BANK9,space=1,delta=1
    54                           	psect	bank10,global,class=BANK10,space=1,delta=1
    55                           	psect	bank11,global,class=BANK11,space=1,delta=1
    56                           	psect	bank12,global,class=BANK12,space=1,delta=1
    57                           	psect	bank13,global,class=BANK13,space=1,delta=1
    58                           	psect	sfr,global,class=SFR,space=1,delta=1
    59                           
    60                           ; Microchip MPLAB XC8 C Compiler V2.10
    61                           ; Copyright (C) 2019 Microchip Technology Inc.
    62                           ; Auto-generated runtime startup code for final link stage.
    63                           ;
    64                           ; Compiler options:
    65                           ;
    66                           ; analogue inputs - PIC.c --double=32 --float=32 \
    67                           ; --msgdisable=359,1273,1388 --codeoffset=0x2000 \
    68                           ; --fill=0xFFFF@0x2000:0x1FFFF
    69                           ;
    70  0000                     
    71                           ; Version 2.10
    72                           ; Generated 31/07/2019 GMT
    73                           ; 
    74                           ; Copyright © 2019, Microchip Technology Inc. and its subsidiaries ("Microchip")
    75                           ; All rights reserved.
    76                           ; 
    77                           ; This software is developed by Microchip Technology Inc. and its subsidiaries ("Microchip").
    78                           ; 
    79                           ; Redistribution and use in source and binary forms, with or without modification, are
    80                           ; permitted provided that the following conditions are met:
    81                           ; 
    82                           ;     1. Redistributions of source code must retain the above copyright notice, this list of
    83                           ;        conditions and the following disclaimer.
    84                           ; 
    85                           ;     2. Redistributions in binary form must reproduce the above copyright notice, this list
    86                           ;        of conditions and the following disclaimer in the documentation and/or other
    87                           ;        materials provided with the distribution.
    88                           ; 
    89                           ;     3. Microchip's name may not be used to endorse or promote products derived from this
    90                           ;        software without specific prior written permission.
    91                           ; 
    92                           ; THIS SOFTWARE IS PROVIDED BY MICROCHIP "AS IS" AND ANY EXPRESS OR IMPLIED WARRANTIES,
    93                           ; INCLUDING, BUT NOT LIMITED TO, THE IMPLIED WARRANTIES OF MERCHANTABILITY AND FITNESS FOR
    94                           ; PURPOSE ARE DISCLAIMED.  IN NO EVENT SHALL MICROCHIP BE LIABLE FOR ANY DIRECT, INDIRECT,
    95                           ; INCIDENTAL, SPECIAL, EXEMPLARY, OR CONSEQUENTIAL DAMAGES (INCLUDING BUT NOT LIMITED TO
    96                           ; PROCUREMENT OF SUBSTITUTE GOODS OR SERVICES; LOSS OF USE, DATA OR PROFITS; OR BUSINESS
    97                           ; INTERRUPTION) HOWSOEVER CAUSED AND ON ANY THEORY OF LIABILITY, WHETHER IN CONTRACT, STRICT
    98                           ; LIABILITY, OR TORT (INCLUDING NEGLIGENCE OR OTHERWISE) ARISING IN ANY WAY OUT OF THE USE OF
    99                           ; THIS SOFTWARE, EVEN IF ADVISED OF THE POSSIBILITY OF SUCH DAMAGE.
   100                           ; 
   101                           ; 
   102                           ; Code-generator required, PIC18F67K40 Definitions
   103                           ; 
   104                           ; SFR Addresses
   105  0000                     
   106                           	psect	smallconst
   107  000000                     __smallconst:
   108                           	opt callstack 0
   109                           
   110                           	psect	mediumconst
   111  002012                     __mediumconst:
   112                           	opt callstack 0	; top of RAM usage
   113                           
   114                           	psect	reset_vec
   115  002000                     
   116                           ; No powerup routine
   117                           ; jump to start
   118  002000  EF07  F010         	goto	start
   119  0000                     
   120                           ;Initialize the stack pointer (FSR1)
   121  0000                     
   122                           	psect	init
   123  00200E                     start:
   124                           	opt callstack 0
   125  00200E  EF6F  F014         	goto	start_initialization	;jump to C runtime clear & initialization
   126                           
   127                           	psect	text
   128  000000                     intlevel0:
   129                           	opt callstack 0
   130  000000                     intlevel1:
   131                           	opt callstack 0
   132  000000                     intlevel2:
   133                           	opt callstack 0
   134  000000                     intlevel3:
   135                           	opt callstack 0
   136                           
   137                           	psect	ramtop
   138  000E00                     __ramtop:
   139                           	opt callstack 0
   140                           
   141                           	psect	stack
   142  000000                     ___sp:
   143                           	opt callstack 0
   144  000000                     ___inthi_sp:
   145                           	opt callstack 0
   146  000000                     ___intlo_sp:
   147                           	opt callstack 0
   148                           tosu	equ	0xFFF
   149                           tosh	equ	0xFFE
   150                           tosl	equ	0xFFD
   151                           stkptr	equ	0xFFC
   152                           pclatu	equ	0xFFB
   153                           pclath	equ	0xFFA
   154                           pcl	equ	0xFF9
   155                           tblptru	equ	0xFF8
   156                           tblptrh	equ	0xFF7
   157                           tblptrl	equ	0xFF6
   158                           tablat	equ	0xFF5
   159                           prodh	equ	0xFF4
   160                           prodl	equ	0xFF3
   161                           indf0	equ	0xFEF
   162                           postinc0	equ	0xFEE
   163                           postdec0	equ	0xFED
   164                           preinc0	equ	0xFEC
   165                           plusw0	equ	0xFEB
   166                           fsr0h	equ	0xFEA
   167                           fsr0l	equ	0xFE9
   168                           wreg	equ	0xFE8
   169                           indf1	equ	0xFE7
   170                           postinc1	equ	0xFE6
   171                           postdec1	equ	0xFE5
   172                           preinc1	equ	0xFE4
   173                           plusw1	equ	0xFE3
   174                           fsr1h	equ	0xFE2
   175                           fsr1l	equ	0xFE1
   176                           bsr	equ	0xFE0
   177                           indf2	equ	0xFDF
   178                           postinc2	equ	0xFDE
   179                           postdec2	equ	0xFDD
   180                           preinc2	equ	0xFDC
   181                           plusw2	equ	0xFDB
   182                           fsr2h	equ	0xFDA
   183                           fsr2l	equ	0xFD9
   184                           status	equ	0xFD8


Microchip Technology PIC18 Macro Assembler V2.10 build 88905656 
Symbol Table                                                                                               Mon Dec 15 15:21:50 2025

                __S1 0074                 ___sp 0000                 _main 2706                 start 200E  
              __HRAM 0000                __LRAM 0001         __mediumconst 2012               stackhi 000DE9  
             stacklo 000074           __accesstop 000060           ___inthi_sp 0000           ___intlo_sp 0000  
            __ramtop 0E00  start_initialization 28DE          __smallconst 0000             intlevel0 0000  
           intlevel1 0000             intlevel2 0000             intlevel3 0000             reset_vec 2000  
